<?xml version="1.0" encoding="utf-8"?><testsuites><testsuite name="pytest" errors="0" failures="0" skipped="0" tests="3" time="99.754" timestamp="2024-02-15T09:52:06.934404" hostname="fayes-MacBook.local"><testcase classname="test_e2e.TestOne" name="test_e2e" time="52.592" /><testcase classname="test_homepage.TestHomePage" name="test_form_submission[get_data0]" time="35.154" /><testcase classname="test_homepage.TestHomePage" name="test_form_submission[get_data1]" time="11.036" /></testsuite></testsuites>